TN:
SF:src/components/button/button.tsx
FN:24,Button
FNF:1
FNH:1
FNDA:52,Button
DA:4,1
DA:6,1
DA:7,1
DA:8,1
DA:9,1
DA:10,1
DA:11,1
DA:12,1
DA:13,1
DA:24,1
DA:25,52
DA:26,52
DA:27,52
DA:28,52
DA:29,52
DA:30,52
DA:31,52
DA:32,52
DA:33,52
DA:34,52
DA:36,52
DA:37,5
DA:38,5
DA:40,52
DA:41,52
DA:42,52
DA:43,52
DA:44,52
DA:45,52
DA:46,52
DA:48,52
DA:49,52
DA:51,52
DA:53,1
LF:34
LH:34
BRDA:24,0,0,52
BRDA:36,1,0,5
BRF:2
BRH:2
end_of_record
TN:
SF:src/components/footer/footer.tsx
FN:27,Footer
FNF:1
FNH:1
FNDA:3,Footer
DA:1,1
DA:27,1
DA:28,3
DA:29,3
DA:30,3
DA:31,3
DA:32,3
DA:33,3
DA:34,3
DA:35,9
DA:36,9
DA:37,9
DA:38,9
DA:39,9
DA:40,9
DA:41,21
DA:43,21
DA:44,21
DA:45,21
DA:46,21
DA:47,21
DA:49,21
DA:50,21
DA:51,21
DA:53,9
DA:54,9
DA:55,9
DA:56,3
DA:57,3
DA:58,3
DA:59,3
DA:61,3
DA:62,3
DA:63,3
DA:65,3
DA:67,1
LF:36
LH:36
BRDA:27,0,0,3
BRDA:34,1,0,9
BRDA:40,2,0,21
BRF:3
BRH:3
end_of_record
TN:
SF:src/components/header/header.tsx
FN:18,Header
FN:29,onClick
FN:36,onClick
FNF:3
FNH:3
FNDA:4,Header
FNDA:1,onClick
FNDA:1,onClick
DA:1,1
DA:2,1
DA:3,1
DA:4,1
DA:5,1
DA:18,1
DA:19,4
DA:20,4
DA:21,4
DA:23,4
DA:24,4
DA:25,4
DA:26,4
DA:27,4
DA:28,4
DA:29,4
DA:30,4
DA:31,4
DA:33,4
DA:34,4
DA:35,4
DA:36,4
DA:37,4
DA:38,4
DA:40,4
DA:41,4
DA:42,4
DA:43,4
DA:44,4
DA:46,4
DA:48,1
LF:31
LH:31
BRDA:18,0,0,4
BRDA:31,1,0,3
BRDA:31,2,0,1
BRDA:38,3,0,1
BRDA:38,4,0,3
BRDA:29,5,0,1
BRDA:36,6,0,1
BRF:7
BRH:7
end_of_record
TN:
SF:src/components/input/input.tsx
FN:33,Input
FNF:1
FNH:1
FNDA:9,Input
DA:14,1
DA:33,1
DA:34,9
DA:35,9
DA:36,9
DA:37,9
DA:38,9
DA:39,9
DA:40,9
DA:41,9
DA:42,9
DA:43,9
DA:44,9
DA:45,9
DA:46,9
DA:47,9
DA:48,9
DA:49,9
DA:51,9
DA:52,9
DA:53,9
DA:54,9
DA:55,9
DA:56,9
DA:57,9
DA:58,9
DA:59,9
DA:60,9
DA:61,9
DA:62,9
DA:63,9
DA:64,9
DA:66,9
DA:68,1
LF:34
LH:34
BRDA:33,0,0,9
BRF:1
BRH:1
end_of_record
TN:
SF:src/components/layout/layout.tsx
FN:41,Layout
FN:56,toggleDarkMode
FNF:2
FNH:2
FNDA:9,Layout
FNDA:2,toggleDarkMode
DA:1,1
DA:2,1
DA:3,1
DA:9,1
DA:10,1
DA:11,1
DA:12,1
DA:13,1
DA:14,1
DA:15,1
DA:16,1
DA:17,1
DA:18,1
DA:19,1
DA:20,1
DA:21,1
DA:22,1
DA:23,1
DA:24,1
DA:25,1
DA:26,1
DA:27,1
DA:28,1
DA:29,1
DA:30,1
DA:31,1
DA:32,1
DA:33,1
DA:34,1
DA:35,1
DA:36,1
DA:37,1
DA:38,1
DA:39,1
DA:41,1
DA:42,9
DA:43,9
DA:44,8
DA:45,9
DA:47,9
DA:48,9
DA:49,1
DA:50,9
DA:51,8
DA:52,8
DA:53,9
DA:54,9
DA:56,9
DA:57,2
DA:58,2
DA:60,9
DA:61,9
DA:62,9
DA:63,9
DA:64,9
DA:65,9
DA:67,9
DA:69,1
LF:58
LH:58
BRDA:41,0,0,9
BRDA:43,1,0,8
BRDA:47,2,0,9
BRDA:48,3,0,1
BRDA:50,4,0,8
BRDA:53,5,0,1
BRDA:53,6,0,8
BRDA:56,7,0,2
BRF:8
BRH:8
end_of_record
TN:
SF:src/components/pagination/pagination.tsx
FN:16,Pagination
FN:29,onClick
FN:53,onClick
FNF:3
FNH:3
FNDA:9,Pagination
FNDA:1,onClick
FNDA:1,onClick
DA:2,1
DA:3,1
DA:4,1
DA:16,1
DA:17,9
DA:18,9
DA:19,9
DA:20,9
DA:21,9
DA:22,9
DA:23,9
DA:24,9
DA:25,9
DA:26,9
DA:27,9
DA:28,9
DA:29,9
DA:30,9
DA:31,9
DA:33,9
DA:34,9
DA:35,9
DA:36,9
DA:37,9
DA:38,9
DA:40,9
DA:41,9
DA:42,9
DA:44,9
DA:45,9
DA:46,9
DA:48,9
DA:49,9
DA:50,9
DA:51,9
DA:52,9
DA:53,9
DA:54,9
DA:55,9
DA:57,9
DA:58,9
DA:59,9
DA:60,9
DA:61,9
DA:62,9
DA:63,9
DA:64,9
DA:66,9
DA:68,1
LF:49
LH:49
BRDA:16,0,0,9
BRDA:29,1,0,1
BRDA:53,2,0,1
BRF:3
BRH:3
end_of_record
TN:
SF:src/components/table/table.tsx
FN:33,Table
FN:110,onClick
FNF:2
FNH:1
FNDA:4,Table
FNDA:0,onClick
DA:1,1
DA:2,1
DA:3,1
DA:4,1
DA:12,1
DA:13,1
DA:27,1
DA:28,1
DA:31,1
DA:33,1
DA:34,4
DA:35,4
DA:36,4
DA:37,4
DA:38,4
DA:40,4
DA:43,4
DA:44,4
DA:45,4
DA:46,4
DA:47,4
DA:48,4
DA:49,4
DA:50,4
DA:51,4
DA:52,4
DA:54,4
DA:56,4
DA:57,4
DA:58,4
DA:59,4
DA:60,4
DA:62,4
DA:63,4
DA:64,4
DA:65,4
DA:66,4
DA:68,4
DA:69,16
DA:70,16
DA:71,16
DA:72,16
DA:74,16
DA:75,16
DA:76,16
DA:77,16
DA:78,16
DA:79,1
DA:80,1
DA:81,1
DA:82,1
DA:83,1
DA:84,1
DA:86,16
DA:87,0
DA:88,0
DA:89,0
DA:90,0
DA:91,0
DA:92,0
DA:94,16
DA:95,4
DA:96,4
DA:97,4
DA:98,4
DA:99,4
DA:100,4
DA:101,4
DA:102,29
DA:103,29
DA:104,29
DA:106,29
DA:107,116
DA:108,116
DA:109,29
DA:110,29
DA:111,29
DA:112,29
DA:113,0
DA:115,87
DA:117,116
DA:119,29
DA:120,29
DA:121,4
DA:123,0
DA:124,0
DA:125,0
DA:126,0
DA:127,0
DA:129,0
DA:130,0
DA:132,4
DA:133,4
DA:135,4
DA:136,1
DA:137,1
DA:138,1
DA:139,1
DA:140,1
DA:141,1
DA:142,1
DA:143,1
DA:144,1
DA:146,4
DA:148,4
DA:150,1
LF:106
LH:92
BRDA:33,0,0,4
BRDA:121,1,0,0
BRDA:135,2,0,1
BRDA:63,3,0,4
BRDA:68,4,0,16
BRDA:78,5,0,1
BRDA:86,6,0,0
BRDA:101,7,0,29
BRDA:106,8,0,116
BRDA:108,9,0,29
BRDA:112,10,0,0
BRDA:113,11,0,87
BRF:12
BRH:9
end_of_record
